<?xml version="1.0" encoding="UTF-8"?>
<testsuite xmlns:xsi="http://www.w3.org/2001/XMLSchema-instance" xsi:noNamespaceSchemaLocation="https://maven.apache.org/surefire/maven-surefire-plugin/xsd/surefire-test-report.xsd" name="unitTest.NotficationServiceTest" time="0.001" tests="1" errors="1" skipped="0" failures="0">
  <properties>
[...]
</properties>
  <testcase name="unitTest.NotficationServiceTest" classname="unitTest.NotficationServiceTest" time="0.001">
    <error message="org/junit/rules/TestRule" type="java.lang.NoClassDefFoundError">java.lang.NoClassDefFoundError: org/junit/rules/TestRule
Caused by: java.lang.ClassNotFoundException: org.junit.rules.TestRule
</error>
  </testcase>
</testsuite>