-------------------------------------------------------------------------------
Test set: unitTest.NotficationServiceTest
-------------------------------------------------------------------------------
Tests run: 1, Failures: 0, Errors: 1, Skipped: 0, Time elapsed: 0.001 s <<< FAILURE! - in unitTest.NotficationServiceTest
unitTest.NotficationServiceTest  Time elapsed: 0.001 s  <<< ERROR!
java.lang.NoClassDefFoundError: org/junit/rules/TestRule
Caused by: java.lang.ClassNotFoundException: org.junit.rules.TestRule

